Traceback (most recent call last):
  File "D:\MisTrabajos\IA_generativa\venv\Lib\site-packages\jupyter_cache\executors\utils.py", line 58, in single_nb_execution
    executenb(
  File "D:\MisTrabajos\IA_generativa\venv\Lib\site-packages\nbclient\client.py", line 1319, in execute
    return NotebookClient(nb=nb, resources=resources, km=km, **kwargs).execute()
           ^^^^^^^^^^^^^^^^^^^^^^^^^^^^^^^^^^^^^^^^^^^^^^^^^^^^^^^^^^^^^^^^^^^^^
  File "D:\MisTrabajos\IA_generativa\venv\Lib\site-packages\jupyter_core\utils\__init__.py", line 165, in wrapped
    return loop.run_until_complete(inner)
           ^^^^^^^^^^^^^^^^^^^^^^^^^^^^^^
  File "D:\programas\Anaconda\Lib\asyncio\base_events.py", line 653, in run_until_complete
    return future.result()
           ^^^^^^^^^^^^^^^
  File "D:\MisTrabajos\IA_generativa\venv\Lib\site-packages\nbclient\client.py", line 709, in async_execute
    await self.async_execute_cell(
  File "D:\MisTrabajos\IA_generativa\venv\Lib\site-packages\nbclient\client.py", line 1062, in async_execute_cell
    await self._check_raise_for_error(cell, cell_index, exec_reply)
  File "D:\MisTrabajos\IA_generativa\venv\Lib\site-packages\nbclient\client.py", line 918, in _check_raise_for_error
    raise CellExecutionError.from_cell_and_msg(cell, exec_reply_content)
nbclient.exceptions.CellExecutionError: An error occurred while executing the following cell:
------------------
text_splitter = CharacterTextSplitter(separator="\n",chunk_size=1000) #Indicamos que divida cuando se encuentra 1 salto de línea y trate de hacer fragmentos de 1000 caracteres
# Intenta hacer los chunks más o menos del tamaño que se le da, en este caso de 1000
------------------


[1;31m---------------------------------------------------------------------------[0m
[1;31mNameError[0m                                 Traceback (most recent call last)
Cell [1;32mIn[25], line 1[0m
[1;32m----> 1[0m text_splitter [38;5;241m=[39m [43mCharacterTextSplitter[49m(separator[38;5;241m=[39m[38;5;124m"[39m[38;5;130;01m\n[39;00m[38;5;124m"[39m,chunk_size[38;5;241m=[39m[38;5;241m1000[39m) [38;5;66;03m#Indicamos que divida cuando se encuentra 1 salto de línea y trate de hacer fragmentos de 1000 caracteres[39;00m
[0;32m      2[0m [38;5;66;03m# Intenta hacer los chunks más o menos del tamaño que se le da, en este caso de 1000[39;00m

[1;31mNameError[0m: name 'CharacterTextSplitter' is not defined

